<?xml version="1.0" encoding="UTF-8"?><testrun name="UserBusinessEJBTest" project="project-core" tests="4" started="4" failures="0" errors="1" ignored="0">
  <testsuite name="br.com.devnagui.project.user.UserBusinessEJBTest" time="0.395">
    <testcase name="testGetRegistrationUserErrorNotExisting" classname="br.com.devnagui.project.user.UserBusinessEJBTest" time="0.387"/>
    <testcase name="testGetRegistrationUserSucess" classname="br.com.devnagui.project.user.UserBusinessEJBTest" time="0.002"/>
    <testcase name="testGetUserByRegistrationNumberOrName" classname="br.com.devnagui.project.user.UserBusinessEJBTest" time="0.003">
      <error>org.mockito.exceptions.misusing.InvalidUseOfMatchersException: 
Invalid use of argument matchers!
1 matchers expected, 2 recorded:
-&gt; at br.com.devnagui.project.user.UserBusinessEJBTest.testGetUserByRegistrationNumberOrName(UserBusinessEJBTest.java:39)
-&gt; at br.com.devnagui.project.user.UserBusinessEJBTest.testGetUserByRegistrationNumberOrName(UserBusinessEJBTest.java:40)

This exception may occur if matchers are combined with raw values:
    //incorrect:
    someMethod(anyObject(), "raw String");
When using matchers, all arguments have to be provided by matchers.
For example:
    //correct:
    someMethod(anyObject(), eq("String by matcher"));

For more info see javadoc for Matchers class.

	at br.com.devnagui.project.user.UserBusinessEJBTest.testGetUserByRegistrationNumberOrName(UserBusinessEJBTest.java:40)
	at sun.reflect.NativeMethodAccessorImpl.invoke0(Native Method)
	at sun.reflect.NativeMethodAccessorImpl.invoke(NativeMethodAccessorImpl.java:62)
	at sun.reflect.DelegatingMethodAccessorImpl.invoke(DelegatingMethodAccessorImpl.java:43)
	at java.lang.reflect.Method.invoke(Method.java:498)
	at org.junit.runners.model.FrameworkMethod$1.runReflectiveCall(FrameworkMethod.java:47)
	at org.junit.internal.runners.model.ReflectiveCallable.run(ReflectiveCallable.java:12)
	at org.junit.runners.model.FrameworkMethod.invokeExplosively(FrameworkMethod.java:44)
	at org.junit.internal.runners.statements.InvokeMethod.evaluate(InvokeMethod.java:17)
	at org.junit.internal.runners.statements.RunBefores.evaluate(RunBefores.java:26)
	at org.junit.runners.ParentRunner.runLeaf(ParentRunner.java:271)
	at org.junit.runners.BlockJUnit4ClassRunner.runChild(BlockJUnit4ClassRunner.java:70)
	at org.junit.runners.BlockJUnit4ClassRunner.runChild(BlockJUnit4ClassRunner.java:50)
	at org.junit.runners.ParentRunner$3.run(ParentRunner.java:238)
	at org.junit.runners.ParentRunner$1.schedule(ParentRunner.java:63)
	at org.junit.runners.ParentRunner.runChildren(ParentRunner.java:236)
	at org.junit.runners.ParentRunner.access$000(ParentRunner.java:53)
	at org.junit.runners.ParentRunner$2.evaluate(ParentRunner.java:229)
	at org.junit.runners.ParentRunner.run(ParentRunner.java:309)
	at org.eclipse.jdt.internal.junit4.runner.JUnit4TestReference.run(JUnit4TestReference.java:50)
	at org.eclipse.jdt.internal.junit.runner.TestExecution.run(TestExecution.java:38)
	at org.eclipse.jdt.internal.junit.runner.RemoteTestRunner.runTests(RemoteTestRunner.java:459)
	at org.eclipse.jdt.internal.junit.runner.RemoteTestRunner.runTests(RemoteTestRunner.java:675)
	at org.eclipse.jdt.internal.junit.runner.RemoteTestRunner.run(RemoteTestRunner.java:382)
	at org.eclipse.jdt.internal.junit.runner.RemoteTestRunner.main(RemoteTestRunner.java:192)

</error>
    </testcase>
    <testcase name="testValidateUserSucess" classname="br.com.devnagui.project.user.UserBusinessEJBTest" time="0.003"/>
  </testsuite>
</testrun>
